<?xml version="1.0" encoding="UTF-8"?>
<testsuite name="MunicipioTest" tests="4" skipped="0" failures="0" errors="0" timestamp="2021-08-10T03:40:51" hostname="LAPTOP-LUI4SN7R" time="8.065">
  <properties/>
  <testcase name="deleteMunicipio_test" classname="MunicipioTest" time="4.586"/>
  <testcase name="getMunicipio_test" classname="MunicipioTest" time="0.548"/>
  <testcase name="saveMunicipio_test" classname="MunicipioTest" time="0.36"/>
  <testcase name="getMunicipioList_test" classname="MunicipioTest" time="2.568"/>
  <system-out><![CDATA[]]></system-out>
  <system-err><![CDATA[]]></system-err>
</testsuite>
