<?xml version="1.0" encoding="UTF-8"?>
<testsuite name="PruebaOperaciones" tests="6" skipped="0" failures="0" errors="0" timestamp="2021-08-05T17:06:50" hostname="LAPTOP-LUI4SN7R" time="0.178">
  <properties/>
  <testcase name="PruebaSumarNumeros" classname="PruebaOperaciones" time="0.139"/>
  <testcase name="PruebaMultiplicarNumeros" classname="PruebaOperaciones" time="0.004"/>
  <testcase name="PruebaDividirNumeros" classname="PruebaOperaciones" time="0.004"/>
  <testcase name="PruebaRestarNumeros" classname="PruebaOperaciones" time="0.003"/>
  <testcase name="PruebaMultiplicarListaNumeros" classname="PruebaOperaciones" time="0.001"/>
  <testcase name="PruebaSumarListaNumeros" classname="PruebaOperaciones" time="0.001"/>
  <system-out><![CDATA[Método único antes de la clase
Inicio del método
Final del método
Inicio del método
Final del método
Inicio del método
Final del método
Inicio del método
Final del método
Inicio del método
Final del método
Inicio del método
Final del método
Método final
]]></system-out>
  <system-err><![CDATA[]]></system-err>
</testsuite>
